<?xml version="1.0" encoding="UTF-8"?>
<testng-results ignored="0" total="1" passed="1" failed="0" skipped="0">
  <reporter-output>
    <line>
      <![CDATA[hi]]>
    </line>
  </reporter-output>
  <suite started-at="2024-09-30T12:53:10 IST" name="Suite" finished-at="2024-09-30T12:53:10 IST" duration-ms="126">
    <groups>
    </groups>
    <test started-at="2024-09-30T12:53:10 IST" name="Test" finished-at="2024-09-30T12:53:10 IST" duration-ms="126">
      <class name="smoke_Scenario.Login">
        <test-method signature="test()[pri:0, instance:smoke_Scenario.Login@3c77d488]" started-at="2024-09-30T12:53:10 IST" name="test" finished-at="2024-09-30T12:53:10 IST" duration-ms="15" status="PASS">
          <reporter-output>
            <line>
              <![CDATA[hi]]>
            </line>
          </reporter-output>
        </test-method> <!-- test -->
      </class> <!-- smoke_Scenario.Login -->
    </test> <!-- Test -->
  </suite> <!-- Suite -->
</testng-results>
